19:25:26 INFO  : Registering command handlers for Vitis TCF services
19:25:26 INFO  : Launching XSCT server: xsct.bat -n  -interactive D:\Xilinx\finalproject_4\workspace2\temp_xsdb_launch_script.tcl
19:25:28 INFO  : Platform repository initialization has completed.
19:25:29 INFO  : XSCT server has started successfully.
19:25:29 INFO  : plnx-install-location is set to ''
19:25:29 INFO  : Successfully done setting XSCT server connection channel  
19:25:29 INFO  : Successfully done setting workspace for the tool. 
19:25:29 INFO  : Successfully done query RDI_DATADIR 
19:26:01 INFO  : Result from executing command 'getProjects': top
19:26:01 INFO  : Result from executing command 'getPlatforms': 
19:26:01 INFO  : Platform 'top' is added to custom repositories.
19:26:06 INFO  : Platform 'top' is added to custom repositories.
19:28:43 INFO  : Result from executing command 'getProjects': top
19:28:43 INFO  : Result from executing command 'getPlatforms': top|D:/Xilinx/finalproject_4/workspace2/top/export/top/top.xpfm
19:28:43 INFO  : Checking for BSP changes to sync application flags for project 'hackathon'...
19:28:54 INFO  : Connected to target on host '127.0.0.1' and port '3121'.
19:28:55 INFO  : Jtag cable 'Xilinx TUL 1234-tulA' is selected.
19:28:55 INFO  : 'jtag frequency' command is executed.
19:28:55 INFO  : Context for 'APU' is selected.
19:28:55 INFO  : System reset is completed.
19:28:58 INFO  : 'after 3000' command is executed.
19:28:58 INFO  : 'targets -set -filter {jtag_cable_name =~ "Xilinx TUL 1234-tulA" && level==0 && jtag_device_ctx=="jsn-TUL-1234-tulA-23727093-0"}' command is executed.
19:29:00 INFO  : FPGA configured successfully with bitstream "D:/Xilinx/finalproject_4/workspace2/hackathon/_ide/bitstream/top.bit"
19:29:00 INFO  : Context for 'APU' is selected.
19:29:00 INFO  : Hardware design and registers information is loaded from 'D:/Xilinx/finalproject_4/workspace2/top/export/top/hw/top.xsa'.
19:29:00 INFO  : 'configparams force-mem-access 1' command is executed.
19:29:00 INFO  : Context for 'APU' is selected.
19:29:00 INFO  : Sourcing of 'D:/Xilinx/finalproject_4/workspace2/hackathon/_ide/psinit/ps7_init.tcl' is done.
19:29:00 INFO  : 'ps7_init' command is executed.
19:29:00 INFO  : 'ps7_post_config' command is executed.
19:29:00 INFO  : Context for processor 'ps7_cortexa9_0' is selected.
19:29:01 INFO  : The application 'D:/Xilinx/finalproject_4/workspace2/hackathon/Debug/hackathon.elf' is downloaded to processor 'ps7_cortexa9_0'.
19:29:01 INFO  : 'configparams force-mem-access 0' command is executed.
19:29:01 INFO  : ----------------XSDB Script----------------
connect -url tcp:127.0.0.1:3121
targets -set -nocase -filter {name =~"APU*"}
rst -system
after 3000
targets -set -filter {jtag_cable_name =~ "Xilinx TUL 1234-tulA" && level==0 && jtag_device_ctx=="jsn-TUL-1234-tulA-23727093-0"}
fpga -file D:/Xilinx/finalproject_4/workspace2/hackathon/_ide/bitstream/top.bit
targets -set -nocase -filter {name =~"APU*"}
loadhw -hw D:/Xilinx/finalproject_4/workspace2/top/export/top/hw/top.xsa -mem-ranges [list {0x40000000 0xbfffffff}] -regs
configparams force-mem-access 1
targets -set -nocase -filter {name =~"APU*"}
source D:/Xilinx/finalproject_4/workspace2/hackathon/_ide/psinit/ps7_init.tcl
ps7_init
ps7_post_config
targets -set -nocase -filter {name =~ "*A9*#0"}
dow D:/Xilinx/finalproject_4/workspace2/hackathon/Debug/hackathon.elf
configparams force-mem-access 0
----------------End of Script----------------

19:29:01 INFO  : Context for processor 'ps7_cortexa9_0' is selected.
19:29:01 INFO  : 'con' command is executed.
19:29:01 INFO  : ----------------XSDB Script (After Launch)----------------
targets -set -nocase -filter {name =~ "*A9*#0"}
con
----------------End of Script----------------

19:29:01 INFO  : Disconnected from the channel tcfchan#2.
20:32:09 INFO  : Checking for BSP changes to sync application flags for project 'hackathon'...
20:35:55 INFO  : Connected to target on host '127.0.0.1' and port '3121'.
20:35:55 INFO  : Jtag cable 'Xilinx TUL 1234-tulA' is selected.
20:35:55 INFO  : 'jtag frequency' command is executed.
20:35:55 INFO  : Context for 'APU' is selected.
20:35:55 INFO  : System reset is completed.
20:35:58 INFO  : 'after 3000' command is executed.
20:35:58 INFO  : 'targets -set -filter {jtag_cable_name =~ "Xilinx TUL 1234-tulA" && level==0 && jtag_device_ctx=="jsn-TUL-1234-tulA-23727093-0"}' command is executed.
20:36:00 INFO  : FPGA configured successfully with bitstream "D:/Xilinx/finalproject_4/workspace2/hackathon/_ide/bitstream/top.bit"
20:36:00 INFO  : Context for 'APU' is selected.
20:36:00 INFO  : Hardware design and registers information is loaded from 'D:/Xilinx/finalproject_4/workspace2/top/export/top/hw/top.xsa'.
20:36:00 INFO  : 'configparams force-mem-access 1' command is executed.
20:36:00 INFO  : Context for 'APU' is selected.
20:36:00 INFO  : Sourcing of 'D:/Xilinx/finalproject_4/workspace2/hackathon/_ide/psinit/ps7_init.tcl' is done.
20:36:01 INFO  : 'ps7_init' command is executed.
20:36:01 INFO  : 'ps7_post_config' command is executed.
20:36:01 INFO  : Context for processor 'ps7_cortexa9_0' is selected.
20:36:01 INFO  : The application 'D:/Xilinx/finalproject_4/workspace2/hackathon/Debug/hackathon.elf' is downloaded to processor 'ps7_cortexa9_0'.
20:36:01 INFO  : 'configparams force-mem-access 0' command is executed.
20:36:01 INFO  : ----------------XSDB Script----------------
connect -url tcp:127.0.0.1:3121
targets -set -nocase -filter {name =~"APU*"}
rst -system
after 3000
targets -set -filter {jtag_cable_name =~ "Xilinx TUL 1234-tulA" && level==0 && jtag_device_ctx=="jsn-TUL-1234-tulA-23727093-0"}
fpga -file D:/Xilinx/finalproject_4/workspace2/hackathon/_ide/bitstream/top.bit
targets -set -nocase -filter {name =~"APU*"}
loadhw -hw D:/Xilinx/finalproject_4/workspace2/top/export/top/hw/top.xsa -mem-ranges [list {0x40000000 0xbfffffff}] -regs
configparams force-mem-access 1
targets -set -nocase -filter {name =~"APU*"}
source D:/Xilinx/finalproject_4/workspace2/hackathon/_ide/psinit/ps7_init.tcl
ps7_init
ps7_post_config
targets -set -nocase -filter {name =~ "*A9*#0"}
dow D:/Xilinx/finalproject_4/workspace2/hackathon/Debug/hackathon.elf
configparams force-mem-access 0
----------------End of Script----------------

20:36:01 INFO  : Context for processor 'ps7_cortexa9_0' is selected.
20:36:01 INFO  : 'con' command is executed.
20:36:01 INFO  : ----------------XSDB Script (After Launch)----------------
targets -set -nocase -filter {name =~ "*A9*#0"}
con
----------------End of Script----------------

20:36:01 INFO  : Disconnected from the channel tcfchan#3.
20:38:07 INFO  : Checking for BSP changes to sync application flags for project 'hackathon'...
20:38:15 INFO  : Connected to target on host '127.0.0.1' and port '3121'.
20:38:15 INFO  : Jtag cable 'Xilinx TUL 1234-tulA' is selected.
20:38:15 INFO  : 'jtag frequency' command is executed.
20:38:15 INFO  : Context for 'APU' is selected.
20:38:15 INFO  : System reset is completed.
20:38:18 INFO  : 'after 3000' command is executed.
20:38:18 INFO  : 'targets -set -filter {jtag_cable_name =~ "Xilinx TUL 1234-tulA" && level==0 && jtag_device_ctx=="jsn-TUL-1234-tulA-23727093-0"}' command is executed.
20:38:21 INFO  : FPGA configured successfully with bitstream "D:/Xilinx/finalproject_4/workspace2/hackathon/_ide/bitstream/top.bit"
20:38:21 INFO  : Context for 'APU' is selected.
20:38:21 INFO  : Hardware design and registers information is loaded from 'D:/Xilinx/finalproject_4/workspace2/top/export/top/hw/top.xsa'.
20:38:21 INFO  : 'configparams force-mem-access 1' command is executed.
20:38:21 INFO  : Context for 'APU' is selected.
20:38:21 INFO  : Sourcing of 'D:/Xilinx/finalproject_4/workspace2/hackathon/_ide/psinit/ps7_init.tcl' is done.
20:38:21 INFO  : 'ps7_init' command is executed.
20:38:21 INFO  : 'ps7_post_config' command is executed.
20:38:21 INFO  : Context for processor 'ps7_cortexa9_0' is selected.
20:38:21 INFO  : The application 'D:/Xilinx/finalproject_4/workspace2/hackathon/Debug/hackathon.elf' is downloaded to processor 'ps7_cortexa9_0'.
20:38:21 INFO  : 'configparams force-mem-access 0' command is executed.
20:38:21 INFO  : ----------------XSDB Script----------------
connect -url tcp:127.0.0.1:3121
targets -set -nocase -filter {name =~"APU*"}
rst -system
after 3000
targets -set -filter {jtag_cable_name =~ "Xilinx TUL 1234-tulA" && level==0 && jtag_device_ctx=="jsn-TUL-1234-tulA-23727093-0"}
fpga -file D:/Xilinx/finalproject_4/workspace2/hackathon/_ide/bitstream/top.bit
targets -set -nocase -filter {name =~"APU*"}
loadhw -hw D:/Xilinx/finalproject_4/workspace2/top/export/top/hw/top.xsa -mem-ranges [list {0x40000000 0xbfffffff}] -regs
configparams force-mem-access 1
targets -set -nocase -filter {name =~"APU*"}
source D:/Xilinx/finalproject_4/workspace2/hackathon/_ide/psinit/ps7_init.tcl
ps7_init
ps7_post_config
targets -set -nocase -filter {name =~ "*A9*#0"}
dow D:/Xilinx/finalproject_4/workspace2/hackathon/Debug/hackathon.elf
configparams force-mem-access 0
----------------End of Script----------------

20:38:21 INFO  : Context for processor 'ps7_cortexa9_0' is selected.
20:38:21 INFO  : 'con' command is executed.
20:38:21 INFO  : ----------------XSDB Script (After Launch)----------------
targets -set -nocase -filter {name =~ "*A9*#0"}
con
----------------End of Script----------------

20:38:21 INFO  : Disconnected from the channel tcfchan#4.
