Copyright 1986-2020 Xilinx, Inc. All Rights Reserved.
-------------------------------------------------------------------------------------------------------------------------------
| Tool Version     : Vivado v.2020.1 (win64) Build 2902540 Wed May 27 19:54:49 MDT 2020
| Date             : Sun Jul  3 23:39:18 2022
| Host             : DESKTOP-D4Q528Q running 64-bit major release  (build 9200)
| Command          : report_power -file top_power_routed.rpt -pb top_power_summary_routed.pb -rpx top_power_routed.rpx
| Design           : top
| Device           : xc7z020clg400-1
| Design State     : routed
| Grade            : commercial
| Process          : typical
| Characterization : Production
-------------------------------------------------------------------------------------------------------------------------------

Power Report

Table of Contents
-----------------
1. Summary
1.1 On-Chip Components
1.2 Power Supply Summary
1.3 Confidence Level
2. Settings
2.1 Environment
2.2 Clock Constraints
3. Detailed Reports
3.1 By Hierarchy

1. Summary
----------

+--------------------------+--------------+
| Total On-Chip Power (W)  | 1.827        |
| Design Power Budget (W)  | Unspecified* |
| Power Budget Margin (W)  | NA           |
| Dynamic (W)              | 1.678        |
| Device Static (W)        | 0.149        |
| Effective TJA (C/W)      | 11.5         |
| Max Ambient (C)          | 63.9         |
| Junction Temperature (C) | 46.1         |
| Confidence Level         | Low          |
| Setting File             | ---          |
| Simulation Activity File | ---          |
| Design Nets Matched      | NA           |
+--------------------------+--------------+
* Specify Design Power Budget using, set_operating_conditions -design_power_budget <value in Watts>


1.1 On-Chip Components
----------------------

+--------------------------+-----------+----------+-----------+-----------------+
| On-Chip                  | Power (W) | Used     | Available | Utilization (%) |
+--------------------------+-----------+----------+-----------+-----------------+
| Clocks                   |     0.017 |        7 |       --- |             --- |
| Slice Logic              |     0.080 |    17236 |       --- |             --- |
|   LUT as Logic           |     0.071 |     9381 |     53200 |           17.63 |
|   CARRY4                 |     0.008 |     1292 |     13300 |            9.71 |
|   Register               |    <0.001 |     3673 |    106400 |            3.45 |
|   F7/F8 Muxes            |    <0.001 |      127 |     53200 |            0.24 |
|   LUT as Distributed RAM |    <0.001 |       60 |     17400 |            0.34 |
|   LUT as Shift Register  |    <0.001 |      113 |     17400 |            0.65 |
|   BUFG                   |    <0.001 |        1 |        32 |            3.13 |
|   Others                 |     0.000 |      477 |       --- |             --- |
| Signals                  |     0.081 |    10986 |       --- |             --- |
| Block RAM                |     0.001 |        3 |       140 |            2.14 |
| MMCM                     |     0.105 |        1 |         4 |           25.00 |
| I/O                      |     0.138 |       26 |       125 |           20.80 |
| PS7                      |     1.256 |        1 |       --- |             --- |
| Static Power             |     0.149 |          |           |                 |
| Total                    |     1.827 |          |           |                 |
+--------------------------+-----------+----------+-----------+-----------------+


1.2 Power Supply Summary
------------------------

+-----------+-------------+-----------+-------------+------------+-------------+-------------+------------+
| Source    | Voltage (V) | Total (A) | Dynamic (A) | Static (A) | Powerup (A) | Budget (A)  | Margin (A) |
+-----------+-------------+-----------+-------------+------------+-------------+-------------+------------+
| Vccint    |       1.000 |     0.198 |       0.182 |      0.016 |       NA    | Unspecified | NA         |
| Vccaux    |       1.800 |     0.074 |       0.058 |      0.016 |       NA    | Unspecified | NA         |
| Vcco33    |       3.300 |     0.042 |       0.041 |      0.001 |       NA    | Unspecified | NA         |
| Vcco25    |       2.500 |     0.000 |       0.000 |      0.000 |       NA    | Unspecified | NA         |
| Vcco18    |       1.800 |     0.000 |       0.000 |      0.000 |       NA    | Unspecified | NA         |
| Vcco15    |       1.500 |     0.000 |       0.000 |      0.000 |       NA    | Unspecified | NA         |
| Vcco135   |       1.350 |     0.000 |       0.000 |      0.000 |       NA    | Unspecified | NA         |
| Vcco12    |       1.200 |     0.000 |       0.000 |      0.000 |       NA    | Unspecified | NA         |
| Vccaux_io |       1.800 |     0.000 |       0.000 |      0.000 |       NA    | Unspecified | NA         |
| Vccbram   |       1.000 |     0.001 |       0.000 |      0.001 |       NA    | Unspecified | NA         |
| MGTAVcc   |       1.000 |     0.000 |       0.000 |      0.000 |       NA    | Unspecified | NA         |
| MGTAVtt   |       1.200 |     0.000 |       0.000 |      0.000 |       NA    | Unspecified | NA         |
| MGTVccaux |       1.800 |     0.000 |       0.000 |      0.000 |       NA    | Unspecified | NA         |
| Vccpint   |       1.000 |     0.679 |       0.647 |      0.032 |       NA    | Unspecified | NA         |
| Vccpaux   |       1.800 |     0.036 |       0.026 |      0.010 |       NA    | Unspecified | NA         |
| Vccpll    |       1.800 |     0.017 |       0.014 |      0.003 |       NA    | Unspecified | NA         |
| Vcco_ddr  |       1.500 |     0.354 |       0.352 |      0.002 |       NA    | Unspecified | NA         |
| Vcco_mio0 |       3.300 |     0.003 |       0.002 |      0.001 |       NA    | Unspecified | NA         |
| Vcco_mio1 |       1.800 |     0.003 |       0.002 |      0.001 |       NA    | Unspecified | NA         |
| Vccadc    |       1.800 |     0.020 |       0.000 |      0.020 |       NA    | Unspecified | NA         |
+-----------+-------------+-----------+-------------+------------+-------------+-------------+------------+


1.3 Confidence Level
--------------------

+-----------------------------+------------+--------------------------------------------------------+--------------------------------------------------------------------------------------------------------------------+
| User Input Data             | Confidence | Details                                                | Action                                                                                                             |
+-----------------------------+------------+--------------------------------------------------------+--------------------------------------------------------------------------------------------------------------------+
| Design implementation state | High       | Design is routed                                       |                                                                                                                    |
| Clock nodes activity        | Medium     | More than 5% of clocks are missing user specification  | Provide missing clock activity with a constraint file, simulation results or by editing the "By Clock Domain" view |
| I/O nodes activity          | Low        | More than 75% of inputs are missing user specification | Provide missing input activity with simulation results or by editing the "By Resource Type -> I/Os" view           |
| Internal nodes activity     | Medium     | User specified less than 25% of internal nodes         | Provide missing internal nodes activity with simulation results or by editing the "By Resource Type" views         |
| Device models               | High       | Device models are Production                           |                                                                                                                    |
|                             |            |                                                        |                                                                                                                    |
| Overall confidence level    | Low        |                                                        |                                                                                                                    |
+-----------------------------+------------+--------------------------------------------------------+--------------------------------------------------------------------------------------------------------------------+


2. Settings
-----------

2.1 Environment
---------------

+-----------------------+------------------------+
| Ambient Temp (C)      | 25.0                   |
| ThetaJA (C/W)         | 11.5                   |
| Airflow (LFM)         | 250                    |
| Heat Sink             | none                   |
| ThetaSA (C/W)         | 0.0                    |
| Board Selection       | medium (10"x10")       |
| # of Board Layers     | 8to11 (8 to 11 Layers) |
| Board Temperature (C) | 25.0                   |
+-----------------------+------------------------+


2.2 Clock Constraints
---------------------

+-------------+-------------------------------------------------------------------------+-----------------+
| Clock       | Domain                                                                  | Constraint (ns) |
+-------------+-------------------------------------------------------------------------+-----------------+
| clk_1x_pre  | HDMI_top/display_clocks_inst/clk_1x_pre                                 |            13.5 |
| clk_5x_pre  | HDMI_top/display_clocks_inst/clk_5x_pre                                 |             2.7 |
| clk_fb      | HDMI_top/display_clocks_inst/clk_fb                                     |            50.0 |
| clk_fpga_0  | zynq_module/design_1_i/processing_system7_0/inst/FCLK_CLK_unbuffered[0] |            10.0 |
| sys_clk_pin | CLK                                                                     |            10.0 |
+-------------+-------------------------------------------------------------------------+-----------------+


3. Detailed Reports
-------------------

3.1 By Hierarchy
----------------

+----------------------------+-----------+
| Name                       | Power (W) |
+----------------------------+-----------+
| top                        |     1.678 |
|   HDMI_top                 |     0.395 |
|     HDMI_out               |     0.012 |
|       encode_ch0           |     0.002 |
|       encode_ch2           |     0.006 |
|     display_clocks_inst    |     0.105 |
|     display_timings_inst   |     0.026 |
|     gfx_inst               |     0.116 |
|       enemy1               |     0.017 |
|       enemy2               |     0.015 |
|       enemy3               |     0.016 |
|       enemy4               |     0.013 |
|       enemy5               |     0.012 |
|       enemy6               |     0.012 |
|       healpack_1           |     0.001 |
|       nolabel_line492      |     0.013 |
|       nolabel_line542      |     0.004 |
|       player_flame         |     0.001 |
|       road1                |     0.002 |
|       tree_1               |     0.004 |
|   zynq_module              |     1.281 |
|     design_1_i             |     1.281 |
|       axi_ahblite_bridge_0 |     0.002 |
|       axi_fifo_mm_s_0      |     0.004 |
|       axi_fifo_mm_s_1      |     0.005 |
|       axi_interconnect_0   |     0.013 |
|       processing_system7_0 |     1.257 |
+----------------------------+-----------+


