23:43:25 INFO  : Launching XSCT server: xsct.bat -n  -interactive D:\Xilinx\finalproject_4\workspace4\temp_xsdb_launch_script.tcl
23:43:25 INFO  : Registering command handlers for Vitis TCF services
23:43:27 INFO  : Platform repository initialization has completed.
23:43:27 INFO  : XSCT server has started successfully.
23:43:27 INFO  : Successfully done setting XSCT server connection channel  
23:43:27 INFO  : plnx-install-location is set to ''
23:43:28 INFO  : Successfully done setting workspace for the tool. 
23:43:28 INFO  : Successfully done query RDI_DATADIR 
23:43:51 INFO  : Result from executing command 'getProjects': top6
23:43:51 INFO  : Result from executing command 'getPlatforms': 
23:43:51 INFO  : Platform 'top6' is added to custom repositories.
23:43:56 INFO  : Platform 'top6' is added to custom repositories.
23:44:50 INFO  : Result from executing command 'getProjects': top6
23:44:50 INFO  : Result from executing command 'getPlatforms': top6|D:/Xilinx/finalproject_4/workspace4/top6/export/top6/top6.xpfm
23:44:50 INFO  : Checking for BSP changes to sync application flags for project 'hackathon'...
23:45:09 INFO  : Connected to target on host '127.0.0.1' and port '3121'.
23:45:09 INFO  : Jtag cable 'Xilinx TUL 1234-tulA' is selected.
23:45:09 INFO  : 'jtag frequency' command is executed.
23:45:09 INFO  : Context for 'APU' is selected.
23:45:09 INFO  : System reset is completed.
23:45:12 INFO  : 'after 3000' command is executed.
23:45:13 INFO  : 'targets -set -filter {jtag_cable_name =~ "Xilinx TUL 1234-tulA" && level==0 && jtag_device_ctx=="jsn-TUL-1234-tulA-23727093-0"}' command is executed.
23:45:15 INFO  : FPGA configured successfully with bitstream "D:/Xilinx/finalproject_4/workspace4/hackathon/_ide/bitstream/top6.bit"
23:45:15 INFO  : Context for 'APU' is selected.
23:45:15 INFO  : Hardware design and registers information is loaded from 'D:/Xilinx/finalproject_4/workspace4/top6/export/top6/hw/top6.xsa'.
23:45:15 INFO  : 'configparams force-mem-access 1' command is executed.
23:45:15 INFO  : Context for 'APU' is selected.
23:45:15 INFO  : Sourcing of 'D:/Xilinx/finalproject_4/workspace4/hackathon/_ide/psinit/ps7_init.tcl' is done.
23:45:15 INFO  : 'ps7_init' command is executed.
23:45:15 INFO  : 'ps7_post_config' command is executed.
23:45:15 INFO  : Context for processor 'ps7_cortexa9_0' is selected.
23:45:15 INFO  : The application 'D:/Xilinx/finalproject_4/workspace4/hackathon/Debug/hackathon.elf' is downloaded to processor 'ps7_cortexa9_0'.
23:45:15 INFO  : 'configparams force-mem-access 0' command is executed.
23:45:15 INFO  : ----------------XSDB Script----------------
connect -url tcp:127.0.0.1:3121
targets -set -nocase -filter {name =~"APU*"}
rst -system
after 3000
targets -set -filter {jtag_cable_name =~ "Xilinx TUL 1234-tulA" && level==0 && jtag_device_ctx=="jsn-TUL-1234-tulA-23727093-0"}
fpga -file D:/Xilinx/finalproject_4/workspace4/hackathon/_ide/bitstream/top6.bit
targets -set -nocase -filter {name =~"APU*"}
loadhw -hw D:/Xilinx/finalproject_4/workspace4/top6/export/top6/hw/top6.xsa -mem-ranges [list {0x40000000 0xbfffffff}] -regs
configparams force-mem-access 1
targets -set -nocase -filter {name =~"APU*"}
source D:/Xilinx/finalproject_4/workspace4/hackathon/_ide/psinit/ps7_init.tcl
ps7_init
ps7_post_config
targets -set -nocase -filter {name =~ "*A9*#0"}
dow D:/Xilinx/finalproject_4/workspace4/hackathon/Debug/hackathon.elf
configparams force-mem-access 0
----------------End of Script----------------

23:45:15 INFO  : Context for processor 'ps7_cortexa9_0' is selected.
23:45:16 INFO  : 'con' command is executed.
23:45:16 INFO  : ----------------XSDB Script (After Launch)----------------
targets -set -nocase -filter {name =~ "*A9*#0"}
con
----------------End of Script----------------

23:45:16 INFO  : Disconnected from the channel tcfchan#2.
23:46:34 INFO  : Projects exported to 'D:\Xilinx\finalproject_4\hackathon_export_archive.ide.zip'
