22:55:30 INFO  : Launching XSCT server: xsct.bat -n  -interactive D:\Xilinx\finalproject_4\workspace\temp_xsdb_launch_script.tcl
22:55:30 INFO  : Registering command handlers for Vitis TCF services
22:55:32 INFO  : Platform repository initialization has completed.
22:55:32 INFO  : XSCT server has started successfully.
22:55:32 INFO  : Successfully done setting XSCT server connection channel  
22:55:32 INFO  : plnx-install-location is set to ''
22:55:32 INFO  : Successfully done setting workspace for the tool. 
22:55:32 INFO  : Successfully done query RDI_DATADIR 
22:55:55 INFO  : Result from executing command 'getProjects': top9
22:55:55 INFO  : Result from executing command 'getPlatforms': 
22:55:55 INFO  : Platform 'top9' is added to custom repositories.
22:56:00 INFO  : Platform 'top9' is added to custom repositories.
22:57:23 INFO  : Result from executing command 'getProjects': top9
22:57:23 INFO  : Result from executing command 'getPlatforms': top9|D:/Xilinx/finalproject_4/workspace/top9/export/top9/top9.xpfm
22:57:23 INFO  : Checking for BSP changes to sync application flags for project 'finalproject'...
22:57:47 INFO  : Connected to target on host '127.0.0.1' and port '3121'.
22:57:48 INFO  : Jtag cable 'Xilinx TUL 1234-tulA' is selected.
22:57:48 INFO  : 'jtag frequency' command is executed.
22:57:48 INFO  : Context for 'APU' is selected.
22:57:48 INFO  : System reset is completed.
22:57:51 INFO  : 'after 3000' command is executed.
22:57:51 INFO  : 'targets -set -filter {jtag_cable_name =~ "Xilinx TUL 1234-tulA" && level==0 && jtag_device_ctx=="jsn-TUL-1234-tulA-23727093-0"}' command is executed.
22:57:53 INFO  : FPGA configured successfully with bitstream "D:/Xilinx/finalproject_4/workspace/finalproject/_ide/bitstream/top9.bit"
22:57:53 INFO  : Context for 'APU' is selected.
22:57:53 INFO  : Hardware design and registers information is loaded from 'D:/Xilinx/finalproject_4/workspace/top9/export/top9/hw/top9.xsa'.
22:57:53 INFO  : 'configparams force-mem-access 1' command is executed.
22:57:53 INFO  : Context for 'APU' is selected.
22:57:53 INFO  : Sourcing of 'D:/Xilinx/finalproject_4/workspace/finalproject/_ide/psinit/ps7_init.tcl' is done.
22:57:54 INFO  : 'ps7_init' command is executed.
22:57:54 INFO  : 'ps7_post_config' command is executed.
22:57:54 INFO  : Context for processor 'ps7_cortexa9_0' is selected.
22:57:54 INFO  : The application 'D:/Xilinx/finalproject_4/workspace/finalproject/Debug/finalproject.elf' is downloaded to processor 'ps7_cortexa9_0'.
22:57:54 INFO  : 'configparams force-mem-access 0' command is executed.
22:57:54 INFO  : ----------------XSDB Script----------------
connect -url tcp:127.0.0.1:3121
targets -set -nocase -filter {name =~"APU*"}
rst -system
after 3000
targets -set -filter {jtag_cable_name =~ "Xilinx TUL 1234-tulA" && level==0 && jtag_device_ctx=="jsn-TUL-1234-tulA-23727093-0"}
fpga -file D:/Xilinx/finalproject_4/workspace/finalproject/_ide/bitstream/top9.bit
targets -set -nocase -filter {name =~"APU*"}
loadhw -hw D:/Xilinx/finalproject_4/workspace/top9/export/top9/hw/top9.xsa -mem-ranges [list {0x40000000 0xbfffffff}] -regs
configparams force-mem-access 1
targets -set -nocase -filter {name =~"APU*"}
source D:/Xilinx/finalproject_4/workspace/finalproject/_ide/psinit/ps7_init.tcl
ps7_init
ps7_post_config
targets -set -nocase -filter {name =~ "*A9*#0"}
dow D:/Xilinx/finalproject_4/workspace/finalproject/Debug/finalproject.elf
configparams force-mem-access 0
----------------End of Script----------------

22:57:54 INFO  : Context for processor 'ps7_cortexa9_0' is selected.
22:57:54 INFO  : 'con' command is executed.
22:57:54 INFO  : ----------------XSDB Script (After Launch)----------------
targets -set -nocase -filter {name =~ "*A9*#0"}
con
----------------End of Script----------------

22:57:54 INFO  : Disconnected from the channel tcfchan#2.
23:01:07 INFO  : Projects exported to 'D:\Xilinx\finalproject_4\vitis_export_archive.ide.zip'
